# JRE version: OpenJDK Runtime Environment (11.0.10) (build 11.0.10+0-b96-7249189)
# Java VM: OpenJDK 64-Bit Server VM (11.0.10+0-b96-7249189, mixed mode, tiered, compressed oops, g1 gc, windows-amd64)
Heap:
 garbage-first heap   total 524288K, used 39265K [0x0000000080000000, 0x0000000100000000)
  region size 1024K, 14 young (14336K), 9 survivors (9216K)
 Metaspace       used 35465K, capacity 36390K, committed 36736K, reserved 1081344K
  class space    used 4662K, capacity 5016K, committed 5120K, reserved 1048576K
GC Heap History (8 events):
Event: 0.529 GC heap before
{Heap before GC invocations=0 (full 0):
 garbage-first heap   total 524288K, used 31744K [0x0000000080000000, 0x0000000100000000)
  region size 1024K, 25 young (25600K), 0 survivors (0K)
 Metaspace       used 10194K, capacity 10363K, committed 10624K, reserved 1058816K
  class space    used 1065K, capacity 1141K, committed 1152K, reserved 1048576K
}
Event: 0.532 GC heap after
{Heap after GC invocations=1 (full 0):
 garbage-first heap   total 524288K, used 9391K [0x0000000080000000, 0x0000000100000000)
  region size 1024K, 4 young (4096K), 4 survivors (4096K)
 Metaspace       used 10194K, capacity 10363K, committed 10624K, reserved 1058816K
  class space    used 1065K, capacity 1141K, committed 1152K, reserved 1048576K
}
Event: 1.836 GC heap before
{Heap before GC invocations=1 (full 0):
 garbage-first heap   total 524288K, used 103599K [0x0000000080000000, 0x0000000100000000)
  region size 1024K, 97 young (99328K), 4 survivors (4096K)
 Metaspace       used 20582K, capacity 21127K, committed 21248K, reserved 1067008K
  class space    used 2518K, capacity 2733K, committed 2816K, reserved 1048576K
}
Event: 1.842 GC heap after
{Heap after GC invocations=2 (full 0):
 garbage-first heap   total 524288K, used 16851K [0x0000000080000000, 0x0000000100000000)
  region size 1024K, 12 young (12288K), 12 survivors (12288K)
 Metaspace       used 20582K, capacity 21127K, committed 21248K, reserved 1067008K
  class space    used 2518K, capacity 2733K, committed 2816K, reserved 1048576K
}
Event: 2.047 GC heap before
{Heap before GC invocations=3 (full 0):
 garbage-first heap   total 524288K, used 47571K [0x0000000080000000, 0x0000000100000000)
  region size 1024K, 43 young (44032K), 12 survivors (12288K)
 Metaspace       used 23650K, capacity 24285K, committed 24576K, reserved 1071104K
  class space    used 3021K, capacity 3236K, committed 3328K, reserved 1048576K
}
Event: 2.051 GC heap after
{Heap after GC invocations=4 (full 0):
 garbage-first heap   total 524288K, used 17949K [0x0000000080000000, 0x0000000100000000)
  region size 1024K, 2 young (2048K), 2 survivors (2048K)
 Metaspace       used 23650K, capacity 24285K, committed 24576K, reserved 1071104K
  class space    used 3021K, capacity 3236K, committed 3328K, reserved 1048576K
}
Event: 2.806 GC heap before
{Heap before GC invocations=4 (full 0):
 garbage-first heap   total 524288K, used 114205K [0x0000000080000000, 0x0000000100000000)
  region size 1024K, 87 young (89088K), 2 survivors (2048K)
 Metaspace       used 34772K, capacity 35709K, committed 35840K, reserved 1081344K
  class space    used 4551K, capacity 4894K, committed 4992K, reserved 1048576K
}
Event: 2.812 GC heap after
{Heap after GC invocations=5 (full 0):
 garbage-first heap   total 524288K, used 35169K [0x0000000080000000, 0x0000000100000000)
  region size 1024K, 9 young (9216K), 9 survivors (9216K)
 Metaspace       used 34772K, capacity 35709K, committed 35840K, reserved 1081344K
  class space    used 4551K, capacity 4894K, committed 4992K, reserved 1048576K
}

